 INFO: nweb starting:8181:7322
 INFO: request:GET / HTTP/1.1**Host: localhost:8181**User-Agent: Mozilla/5.0 (X11; Linux i686; rv:45.0) Gecko/20100101 Firefox/45.0**Accept: text/html,application/xhtml+xml,application/xml;q=0.9,*/*;q=0.8**Accept-Language: en-US,en;q=0.5**Accept-Encoding: gzip, deflate**Cookie: __utma=111872281.152721084.1478356981.1478356981.1478356981.1; __utmz=111872281.1478356981.1.1.utmcsr=(direct)|utmccn=(direct)|utmcmd=(none); my_wikiUserID=1; my_wikiUserName=Root**Connection: keep-alive****:1
 INFO: SEND:index.html:1
 INFO: Header:HTTP/1.1 200 OK
Server: nweb/23.0
Content-Length: 254
Connection: close
Content-Type: text/html

:1
 INFO: request:GET /pag1.html HTTP/1.1**Host: localhost:8181**User-Agent: Mozilla/5.0 (X11; Linux i686; rv:45.0) Gecko/20100101 Firefox/45.0**Accept: text/html,application/xhtml+xml,application/xml;q=0.9,*/*;q=0.8**Accept-Language: en-US,en;q=0.5**Accept-Encoding: gzip, deflate**Referer: http://localhost:8181/**Cookie: __utma=111872281.152721084.1478356981.1478356981.1478356981.1; __utmz=111872281.1478356981.1.1.utmcsr=(direct)|utmccn=(direct)|utmcmd=(none); my_wikiUserID=1; my_wikiUserName=Root**Connection: keep-alive****:2
 INFO: SEND:pag1.html:2
 INFO: Header:HTTP/1.1 200 OK
Server: nweb/23.0
Content-Length: 254
Connection: close
Content-Type: text/html

:2
 INFO: request:GET /pag2.html HTTP/1.1**Host: localhost:8181**User-Agent: Mozilla/5.0 (X11; Linux i686; rv:45.0) Gecko/20100101 Firefox/45.0**Accept: text/html,application/xhtml+xml,application/xml;q=0.9,*/*;q=0.8**Accept-Language: en-US,en;q=0.5**Accept-Encoding: gzip, deflate**Referer: http://localhost:8181/pag1.html**Cookie: __utma=111872281.152721084.1478356981.1478356981.1478356981.1; __utmz=111872281.1478356981.1.1.utmcsr=(direct)|utmccn=(direct)|utmcmd=(none); my_wikiUserID=1; my_wikiUserName=Root**Connection: keep-alive****:3
 INFO: SEND:pag2.html:3
 INFO: Header:HTTP/1.1 200 OK
Server: nweb/23.0
Content-Length: 254
Connection: close
Content-Type: text/html

:3
 INFO: request:GET /pag1.html HTTP/1.1**Host: localhost:8181**User-Agent: Mozilla/5.0 (X11; Linux i686; rv:45.0) Gecko/20100101 Firefox/45.0**Accept: text/html,application/xhtml+xml,application/xml;q=0.9,*/*;q=0.8**Accept-Language: en-US,en;q=0.5**Accept-Encoding: gzip, deflate**Referer: http://localhost:8181/pag2.html**Cookie: __utma=111872281.152721084.1478356981.1478356981.1478356981.1; __utmz=111872281.1478356981.1.1.utmcsr=(direct)|utmccn=(direct)|utmcmd=(none); my_wikiUserID=1; my_wikiUserName=Root**Connection: keep-alive****:4
 INFO: SEND:pag1.html:4
 INFO: Header:HTTP/1.1 200 OK
Server: nweb/23.0
Content-Length: 254
Connection: close
Content-Type: text/html

:4
 INFO: request:GET /index.html HTTP/1.1**Host: localhost:8181**User-Agent: Mozilla/5.0 (X11; Linux i686; rv:45.0) Gecko/20100101 Firefox/45.0**Accept: text/html,application/xhtml+xml,application/xml;q=0.9,*/*;q=0.8**Accept-Language: en-US,en;q=0.5**Accept-Encoding: gzip, deflate**Referer: http://localhost:8181/pag1.html**Cookie: __utma=111872281.152721084.1478356981.1478356981.1478356981.1; __utmz=111872281.1478356981.1.1.utmcsr=(direct)|utmccn=(direct)|utmcmd=(none); my_wikiUserID=1; my_wikiUserName=Root**Connection: keep-alive****:5
 INFO: SEND:index.html:5
 INFO: Header:HTTP/1.1 200 OK
Server: nweb/23.0
Content-Length: 254
Connection: close
Content-Type: text/html

:5
FORBIDDEN: failed to read browser request:
 INFO: request:GET /pag1.html HTTP/1.1**Host: localhost:8181**User-Agent: Mozilla/5.0 (X11; Linux i686; rv:45.0) Gecko/20100101 Firefox/45.0**Accept: text/html,application/xhtml+xml,application/xml;q=0.9,*/*;q=0.8**Accept-Language: en-US,en;q=0.5**Accept-Encoding: gzip, deflate**Referer: http://localhost:8181/index.html**Cookie: __utma=111872281.152721084.1478356981.1478356981.1478356981.1; __utmz=111872281.1478356981.1.1.utmcsr=(direct)|utmccn=(direct)|utmcmd=(none); my_wikiUserID=1; my_wikiUserName=Root**Connection: keep-alive****:7
 INFO: SEND:pag1.html:7
 INFO: Header:HTTP/1.1 200 OK
Server: nweb/23.0
Content-Length: 262
Connection: close
Content-Type: text/html

:7
 INFO: request:GET /pag2.html HTTP/1.1**Host: localhost:8181**User-Agent: Mozilla/5.0 (X11; Linux i686; rv:45.0) Gecko/20100101 Firefox/45.0**Accept: text/html,application/xhtml+xml,application/xml;q=0.9,*/*;q=0.8**Accept-Language: en-US,en;q=0.5**Accept-Encoding: gzip, deflate**Referer: http://localhost:8181/pag1.html**Cookie: __utma=111872281.152721084.1478356981.1478356981.1478356981.1; __utmz=111872281.1478356981.1.1.utmcsr=(direct)|utmccn=(direct)|utmcmd=(none); my_wikiUserID=1; my_wikiUserName=Root**Connection: keep-alive****:8
 INFO: SEND:pag2.html:8
 INFO: Header:HTTP/1.1 200 OK
Server: nweb/23.0
Content-Length: 261
Connection: close
Content-Type: text/html

:8
 INFO: request:GET /pag1.html HTTP/1.1**Host: localhost:8181**User-Agent: Mozilla/5.0 (X11; Linux i686; rv:45.0) Gecko/20100101 Firefox/45.0**Accept: text/html,application/xhtml+xml,application/xml;q=0.9,*/*;q=0.8**Accept-Language: en-US,en;q=0.5**Accept-Encoding: gzip, deflate**Referer: http://localhost:8181/pag2.html**Cookie: __utma=111872281.152721084.1478356981.1478356981.1478356981.1; __utmz=111872281.1478356981.1.1.utmcsr=(direct)|utmccn=(direct)|utmcmd=(none); my_wikiUserID=1; my_wikiUserName=Root**Connection: keep-alive****:9
 INFO: SEND:pag1.html:9
 INFO: Header:HTTP/1.1 200 OK
Server: nweb/23.0
Content-Length: 262
Connection: close
Content-Type: text/html

:9
 INFO: request:GET /index.html HTTP/1.1**Host: localhost:8181**User-Agent: Mozilla/5.0 (X11; Linux i686; rv:45.0) Gecko/20100101 Firefox/45.0**Accept: text/html,application/xhtml+xml,application/xml;q=0.9,*/*;q=0.8**Accept-Language: en-US,en;q=0.5**Accept-Encoding: gzip, deflate**Referer: http://localhost:8181/pag1.html**Cookie: __utma=111872281.152721084.1478356981.1478356981.1478356981.1; __utmz=111872281.1478356981.1.1.utmcsr=(direct)|utmccn=(direct)|utmcmd=(none); my_wikiUserID=1; my_wikiUserName=Root**Connection: keep-alive****:10
 INFO: SEND:index.html:10
 INFO: Header:HTTP/1.1 200 OK
Server: nweb/23.0
Content-Length: 254
Connection: close
Content-Type: text/html

:10
 INFO: request:GET /pag1.html HTTP/1.1**Host: localhost:8181**User-Agent: Mozilla/5.0 (X11; Linux i686; rv:45.0) Gecko/20100101 Firefox/45.0**Accept: text/html,application/xhtml+xml,application/xml;q=0.9,*/*;q=0.8**Accept-Language: en-US,en;q=0.5**Accept-Encoding: gzip, deflate**Referer: http://localhost:8181/index.html**Cookie: __utma=111872281.152721084.1478356981.1478356981.1478356981.1; __utmz=111872281.1478356981.1.1.utmcsr=(direct)|utmccn=(direct)|utmcmd=(none); my_wikiUserID=1; my_wikiUserName=Root**Connection: keep-alive****:11
 INFO: SEND:pag1.html:11
 INFO: Header:HTTP/1.1 200 OK
Server: nweb/23.0
Content-Length: 262
Connection: close
Content-Type: text/html

:11
 INFO: request:GET /pag2.html HTTP/1.1**Host: localhost:8181**User-Agent: Mozilla/5.0 (X11; Linux i686; rv:45.0) Gecko/20100101 Firefox/45.0**Accept: text/html,application/xhtml+xml,application/xml;q=0.9,*/*;q=0.8**Accept-Language: en-US,en;q=0.5**Accept-Encoding: gzip, deflate**Referer: http://localhost:8181/pag1.html**Cookie: __utma=111872281.152721084.1478356981.1478356981.1478356981.1; __utmz=111872281.1478356981.1.1.utmcsr=(direct)|utmccn=(direct)|utmcmd=(none); my_wikiUserID=1; my_wikiUserName=Root**Connection: keep-alive****:12
 INFO: SEND:pag2.html:12
 INFO: Header:HTTP/1.1 200 OK
Server: nweb/23.0
Content-Length: 261
Connection: close
Content-Type: text/html

:12
FORBIDDEN: failed to read browser request:
